<?xml version="1.0" encoding="UTF-8"?>
<!-- Generated by org.testng.reporters.JUnitXMLReporter -->
<testsuite ignored="1" hostname="AroraAamish" failures="0" tests="3" name="Test" time="23.574" errors="0" timestamp="2022-04-03T23:00:06 IST">
  <testcase classname="Practice.AppiumTestAutoamtion.LoginPageStep" name="logIn" time="7.24"/>
  <testcase classname="Practice.AppiumTestAutoamtion.LoginPageStep" name="createWorkOrder" time="10.064"/>
  <testcase classname="Practice.AppiumTestAutoamtion.LoginPageStep" name="appLogOut" time="6.197"/>
  <testcase classname="Practice.AppiumTestAutoamtion.LoginPageStep" name="signUp" time="0.0">
    <ignored/>
  </testcase> <!-- signUp -->
</testsuite> <!-- Test -->
